<?xml version="1.0" encoding="UTF-8"?>
<testng-results ignored="0" total="1" passed="1" failed="0" skipped="0">
  <reporter-output>
  </reporter-output>
  <suite started-at="2022-11-04T19:43:30 IST" name="Default suite" finished-at="2022-11-04T19:44:59 IST" duration-ms="89495">
    <groups>
    </groups>
    <test started-at="2022-11-04T19:43:30 IST" name="Default test" finished-at="2022-11-04T19:44:59 IST" duration-ms="89495">
      <class name="eCommerceAppTesting.eCommereceTC3">
        <test-method is-config="true" signature="configAppium()[pri:0, instance:eCommerceAppTesting.eCommereceTC3@173ed316]" started-at="2022-11-04T19:43:30 IST" name="configAppium" finished-at="2022-11-04T19:44:31 IST" duration-ms="61107" status="PASS">
          <reporter-output>
          </reporter-output>
        </test-method> <!-- configAppium -->
        <test-method signature="fillForm()[pri:0, instance:eCommerceAppTesting.eCommereceTC3@173ed316]" started-at="2022-11-04T19:44:31 IST" name="fillForm" finished-at="2022-11-04T19:44:59 IST" duration-ms="28254" status="PASS">
          <reporter-output>
          </reporter-output>
        </test-method> <!-- fillForm -->
        <test-method is-config="true" signature="tearDown()[pri:0, instance:eCommerceAppTesting.eCommereceTC3@173ed316]" started-at="2022-11-04T19:44:59 IST" name="tearDown" finished-at="2022-11-04T19:44:59 IST" duration-ms="3" status="PASS">
          <reporter-output>
          </reporter-output>
        </test-method> <!-- tearDown -->
      </class> <!-- eCommerceAppTesting.eCommereceTC3 -->
    </test> <!-- Default test -->
  </suite> <!-- Default suite -->
</testng-results>
